<?xml version="1.0" encoding="UTF-8"?>
<testng-results ignored="0" total="1" passed="1" failed="0" skipped="0">
  <reporter-output>
  </reporter-output>
  <suite started-at="2021-05-13T19:35:29Z" name="Default suite" finished-at="2021-05-13T19:35:41Z" duration-ms="12214">
    <groups>
      <group name="cucumber">
        <method signature="AbstractTestNGCucumberTests.feature(cucumber.api.testng.CucumberFeatureWrapper)[pri:0, instance:runner.TestRunner@3688eb5b]" name="feature" class="cucumber.api.testng.AbstractTestNGCucumberTests"/>
      </group> <!-- cucumber -->
    </groups>
    <test started-at="2021-05-13T19:35:29Z" name="Default test" finished-at="2021-05-13T19:35:41Z" duration-ms="12214">
      <class name="runner.TestRunner">
        <test-method is-config="true" signature="setup()[pri:0, instance:runner.TestRunner@3688eb5b]" started-at="2021-05-13T19:35:29Z" name="setup" finished-at="2021-05-13T19:35:36Z" duration-ms="7416" status="PASS">
          <reporter-output>
          </reporter-output>
        </test-method> <!-- setup -->
        <test-method is-config="true" signature="setUpClass()[pri:0, instance:runner.TestRunner@3688eb5b]" started-at="2021-05-13T19:35:36Z" name="setUpClass" finished-at="2021-05-13T19:35:37Z" duration-ms="394" status="PASS">
          <reporter-output>
          </reporter-output>
        </test-method> <!-- setUpClass -->
        <test-method signature="feature(cucumber.api.testng.CucumberFeatureWrapper)[pri:0, instance:runner.TestRunner@3688eb5b]" started-at="2021-05-13T19:35:37Z" name="feature" description="Runs Cucumber Feature" data-provider="features" finished-at="2021-05-13T19:35:41Z" duration-ms="4131" status="PASS">
          <params>
            <param index="0">
              <value>
                <![CDATA[User Login]]>
              </value>
            </param>
          </params>
          <reporter-output>
          </reporter-output>
        </test-method> <!-- feature -->
        <test-method is-config="true" signature="tearDownClass()[pri:0, instance:runner.TestRunner@3688eb5b]" started-at="2021-05-13T19:35:41Z" name="tearDownClass" finished-at="2021-05-13T19:35:41Z" duration-ms="15" status="PASS">
          <reporter-output>
          </reporter-output>
        </test-method> <!-- tearDownClass -->
        <test-method is-config="true" signature="tearDown()[pri:0, instance:runner.TestRunner@3688eb5b]" started-at="2021-05-13T19:35:41Z" name="tearDown" finished-at="2021-05-13T19:35:41Z" duration-ms="0" status="PASS">
          <reporter-output>
          </reporter-output>
        </test-method> <!-- tearDown -->
      </class> <!-- runner.TestRunner -->
    </test> <!-- Default test -->
  </suite> <!-- Default suite -->
</testng-results>
